* using log directory 'E:/xhmhc/authordown/check-output5/authordown.Rcheck'
* using R version 4.4.1 (2024-06-14 ucrt)
* using platform: x86_64-w64-mingw32
* R was compiled by
    gcc.exe (GCC) 13.2.0
    GNU Fortran (GCC) 13.2.0
* running under: Windows 10 x64 (build 19045)
* using session charset: UTF-8
* using option '--as-cran'
* checking for file 'authordown/DESCRIPTION' ... OK
* this is package 'authordown' version '0.1.0'
* package encoding: UTF-8
* checking CRAN incoming feasibility ... [19s] NOTE
Maintainer: 'Zhipeng Zhang <zhipeng30@foxmail.com>'

Found the following (possibly) invalid URLs:
  URL: https://github.com/zh1peng/authordown
    From: DESCRIPTION
          README.md
    Status: Error
    Message: libcurl error code 7:
      	Failed to connect to 127.0.0.1 port 9 after 1025 ms: Couldn't connect to server
  URL: https://github.com/zh1peng/authordown/issues
    From: DESCRIPTION
    Status: Error
    Message: libcurl error code 7:
      	Failed to connect to 127.0.0.1 port 9 after 1017 ms: Couldn't connect to server
* checking package namespace information ... OK
* checking package dependencies ... OK
* checking if this is a source package ... OK
* checking if there is a namespace ... OK
* checking for .dll and .exe files ... OK
* checking for hidden files and directories ... OK
* checking for portable file names ... OK
* checking whether package 'authordown' can be installed ... NOTE
Found the following notes/warnings:
  Non-staged installation was used
See 'E:/xhmhc/authordown/check-output5/authordown.Rcheck/00install.out' for details.
* checking installed package size ... OK
* checking package directory ... OK
* checking for future file timestamps ... NOTE
unable to verify current time
* checking DESCRIPTION meta-information ... OK
* checking top-level files ... NOTE
Non-standard file/directory found at top level:
  'cran-comments.md'
* checking for left-over files ... OK
* checking index information ... OK
* checking package subdirectories ... OK
* checking code files for non-ASCII characters ... OK
* checking R files for syntax errors ... OK
* checking whether the package can be loaded ... OK
* checking whether the package can be loaded with stated dependencies ... OK
* checking whether the package can be unloaded cleanly ... OK
* checking whether the namespace can be loaded with stated dependencies ... OK
* checking whether the namespace can be unloaded cleanly ... OK
* checking use of S3 registration ... OK
* checking dependencies in R code ... OK
* checking S3 generic/method consistency ... OK
* checking replacement functions ... OK
* checking foreign function calls ... OK
* checking R code for possible problems ... OK
* checking Rd files ... OK
* checking Rd metadata ... OK
* checking Rd line widths ... OK
* checking Rd cross-references ... OK
* checking for missing documentation entries ... OK
* checking for code/documentation mismatches ... OK
* checking Rd \usage sections ... OK
* checking Rd contents ... OK
* checking for unstated dependencies in examples ... OK
* checking examples ... OK
* checking for unstated dependencies in 'tests' ... OK
* checking tests ... OK
  Running 'testthat.R'
* checking PDF version of manual ... OK
* checking HTML version of manual ... OK
* checking for non-standard things in the check directory ... NOTE
Found the following files/directories:
  '00LOCK-AUTHOR~1' '_test_dir_114876'
* checking for detritus in the temp directory ... NOTE
Found the following files/directories:
  'lastMiKTeXException'
* DONE
Status: 6 NOTEs
