* using log directory 'E:/xhmhc/authordown/check-output/..Rcheck'
* using R version 4.4.1 (2024-06-14 ucrt)
* using platform: x86_64-w64-mingw32
* R was compiled by
    gcc.exe (GCC) 13.2.0
    GNU Fortran (GCC) 13.2.0
* running under: Windows 10 x64 (build 19045)
* using session charset: UTF-8
* using option '--as-cran'
* checking for file './DESCRIPTION' ... OK
* this is package 'authordown' version '0.0.0.9000'
* package encoding: UTF-8
* checking CRAN incoming feasibility ... [19s] NOTE
Maintainer: 'Zhipeng Zhang <zhipeng30@foxmail.com>'

Version contains large components (0.0.0.9000)

Found the following (possibly) invalid URLs:
  URL: https://github.com/zh1peng/authordown
    From: DESCRIPTION
          README.md
    Status: Error
    Message: libcurl error code 7:
      	Failed to connect to 127.0.0.1 port 9 after 1030 ms: Couldn't connect to server
  URL: https://github.com/zh1peng/authordown/issues
    From: DESCRIPTION
    Status: Error
    Message: libcurl error code 7:
      	Failed to connect to 127.0.0.1 port 9 after 1011 ms: Couldn't connect to server

The build time stamp is missing.
* checking package namespace information ... OK
* checking package dependencies ... OK
* checking if this is a source package ... OK
* checking if there is a namespace ... OK
* checking for .dll and .exe files ... OK
* checking for hidden files and directories ... NOTE
Found the following hidden files and directories:
  .gitignore
  ..Rcheck
  .git
  check-output/..Rcheck
These were most likely included in error. See section 'Package
structure' in the 'Writing R Extensions' manual.

CRAN-pack does not know about
  ..Rcheck
  .git
  check-output/..Rcheck
* checking for portable file names ... OK
* checking whether package 'authordown' can be installed ... ERROR
Installation failed.
See 'E:/xhmhc/authordown/check-output/..Rcheck/00install.out' for details.
* DONE
Status: 1 ERROR, 2 NOTEs
