* using log directory 'E:/xhmhc/authordown/check-output2/..Rcheck'
* using R version 4.4.1 (2024-06-14 ucrt)
* using platform: x86_64-w64-mingw32
* R was compiled by
    gcc.exe (GCC) 13.2.0
    GNU Fortran (GCC) 13.2.0
* running under: Windows 10 x64 (build 19045)
* using session charset: UTF-8
* using option '--as-cran'
* checking for file './DESCRIPTION' ... OK
* this is package 'authordown' version '0.1.0'
* package encoding: UTF-8
* checking CRAN incoming feasibility ... [18s] NOTE
Maintainer: 'Zhipeng Zhang <zhipeng30@foxmail.com>'

Found the following (possibly) invalid URLs:
  URL: https://github.com/zh1peng/authordown
    From: DESCRIPTION
          README.md
    Status: Error
    Message: libcurl error code 7:
      	Failed to connect to 127.0.0.1 port 9 after 1015 ms: Couldn't connect to server
  URL: https://github.com/zh1peng/authordown/issues
    From: DESCRIPTION
    Status: Error
    Message: libcurl error code 7:
      	Failed to connect to 127.0.0.1 port 9 after 1013 ms: Couldn't connect to server

The build time stamp is missing.
* checking package namespace information ... OK
* checking package dependencies ... OK
* checking if this is a source package ... OK
* checking if there is a namespace ... OK
* checking for .dll and .exe files ... OK
* checking for hidden files and directories ... NOTE
Found the following hidden files and directories:
  .gitignore
  ..Rcheck
  .git
  check-output/..Rcheck
  check-output2/..Rcheck
These were most likely included in error. See section 'Package
structure' in the 'Writing R Extensions' manual.

CRAN-pack does not know about
  ..Rcheck
  .git
  check-output/..Rcheck
  check-output2/..Rcheck
* checking for portable file names ... OK
* checking whether package 'authordown' can be installed ... NOTE
Found the following notes/warnings:
  Non-staged installation was used
See 'E:/xhmhc/authordown/check-output2/..Rcheck/00install.out' for details.
* checking installed package size ... OK
* checking package directory ... OK
* checking for future file timestamps ... NOTE
unable to verify current time
* checking DESCRIPTION meta-information ... NOTE
Checking should be performed on sources prepared by 'R CMD build'.
* checking top-level files ... NOTE
Non-standard files/directories found at top level:
  'LICENSE.md' 'authordown_template.csv' 'authors.csv' 'check-output'
  'check-output2' 'packageDevScript.R'
* checking for left-over files ... OK
* checking index information ... OK
* checking package subdirectories ... WARNING
Found the following directories with names of check directories:
  ./..Rcheck
  ./check-output/..Rcheck
  ./check-output2/..Rcheck
Most likely, these were included erroneously.
Found the following directory with the name of a version control directory:
  ./.git
These should not be in a package tarball.
* checking code files for non-ASCII characters ... OK
* checking R files for syntax errors ... OK
* checking whether the package can be loaded ... OK
* checking whether the package can be loaded with stated dependencies ... OK
* checking whether the package can be unloaded cleanly ... OK
* checking whether the namespace can be loaded with stated dependencies ... OK
* checking whether the namespace can be unloaded cleanly ... OK
* checking use of S3 registration ... OK
* checking dependencies in R code ... WARNING
'::' or ':::' import not declared from: 'rmarkdown'
Namespaces in Imports field not imported from:
  'cli' 'shiny'
  All declared Imports should be used.
* checking S3 generic/method consistency ... OK
* checking replacement functions ... OK
* checking foreign function calls ... OK
* checking R code for possible problems ... OK
* checking Rd files ... OK
* checking Rd metadata ... OK
* checking Rd line widths ... OK
* checking Rd cross-references ... OK
* checking for missing documentation entries ... OK
* checking for code/documentation mismatches ... WARNING
Codoc mismatches from Rd file 'render_section_html.Rd':
render_section_html
  Code: function(section_title, content_function, data, output_file =
                 tempfile(fileext = ".html"), ...)
  Docs: function(section_title, content_function, data, output_file =
                 tempfile(fileext = ".html"))
  Argument names in code not in docs:
    ...

* checking Rd \usage sections ... OK
* checking Rd contents ... OK
* checking for unstated dependencies in examples ... OK
* checking examples ... OK
* checking for unstated dependencies in 'tests' ... OK
* checking tests ... OK
  Running 'testthat.R'
* checking PDF version of manual ... [12s] OK
* checking HTML version of manual ... OK
* checking for non-standard things in the check directory ... NOTE
Found the following files/directories:
  '00LOCK-AUTHOR~1' '_test_dir_89356'
* checking for detritus in the temp directory ... NOTE
Found the following files/directories:
  'lastMiKTeXException'
* DONE
Status: 3 WARNINGs, 8 NOTEs
